# JRE version: Java(TM) SE Runtime Environment 18.9 (11.0.19+9) (build 11.0.19+9-LTS-224)
# Java VM: Java HotSpot(TM) 64-Bit Server VM 18.9 (11.0.19+9-LTS-224, mixed mode, tiered, compressed oops, g1 gc, windows-amd64)
Heap:
 garbage-first heap   total 718848K, used 234496K [0x0000000080000000, 0x0000000100000000)
  region size 1024K, 8 young (8192K), 8 survivors (8192K)
 Metaspace       used 102502K, capacity 110552K, committed 110720K, reserved 1142784K
  class space    used 13884K, capacity 16743K, committed 16768K, reserved 1048576K
GC Heap History (10 events):
Event: 93.466 GC heap after
{Heap after GC invocations=61 (full 0):
 garbage-first heap   total 373760K, used 179758K [0x0000000080000000, 0x0000000100000000)
  region size 1024K, 8 young (8192K), 8 survivors (8192K)
 Metaspace       used 100236K, capacity 106123K, committed 106240K, reserved 1140736K
  class space    used 13494K, capacity 15611K, committed 15616K, reserved 1048576K
}
Event: 94.773 GC heap before
{Heap before GC invocations=62 (full 0):
 garbage-first heap   total 373760K, used 235054K [0x0000000080000000, 0x0000000100000000)
  region size 1024K, 61 young (62464K), 8 survivors (8192K)
 Metaspace       used 101063K, capacity 107629K, committed 107648K, reserved 1140736K
  class space    used 13640K, capacity 15994K, committed 16000K, reserved 1048576K
}
Event: 94.792 GC heap after
{Heap after GC invocations=63 (full 0):
 garbage-first heap   total 373760K, used 197285K [0x0000000080000000, 0x0000000100000000)
  region size 1024K, 8 young (8192K), 8 survivors (8192K)
 Metaspace       used 101063K, capacity 107629K, committed 107648K, reserved 1140736K
  class space    used 13640K, capacity 15994K, committed 16000K, reserved 1048576K
}
Event: 94.946 GC heap before
{Heap before GC invocations=63 (full 0):
 garbage-first heap   total 373760K, used 205477K [0x0000000080000000, 0x0000000100000000)
  region size 1024K, 18 young (18432K), 8 survivors (8192K)
 Metaspace       used 101119K, capacity 107719K, committed 108032K, reserved 1140736K
  class space    used 13647K, capacity 16002K, committed 16128K, reserved 1048576K
}
Event: 94.959 GC heap after
{Heap after GC invocations=64 (full 0):
 garbage-first heap   total 373760K, used 200699K [0x0000000080000000, 0x0000000100000000)
  region size 1024K, 2 young (2048K), 2 survivors (2048K)
 Metaspace       used 101119K, capacity 107719K, committed 108032K, reserved 1140736K
  class space    used 13647K, capacity 16002K, committed 16128K, reserved 1048576K
}
Event: 95.500 GC heap before
{Heap before GC invocations=65 (full 0):
 garbage-first heap   total 373760K, used 235515K [0x0000000080000000, 0x0000000100000000)
  region size 1024K, 36 young (36864K), 2 survivors (2048K)
 Metaspace       used 101420K, capacity 108346K, committed 108672K, reserved 1142784K
  class space    used 13693K, capacity 16166K, committed 16256K, reserved 1048576K
}
Event: 95.510 GC heap after
{Heap after GC invocations=66 (full 0):
 garbage-first heap   total 373760K, used 210929K [0x0000000080000000, 0x0000000100000000)
  region size 1024K, 7 young (7168K), 7 survivors (7168K)
 Metaspace       used 101420K, capacity 108346K, committed 108672K, reserved 1142784K
  class space    used 13693K, capacity 16166K, committed 16256K, reserved 1048576K
}
Event: 96.345 GC heap before
{Heap before GC invocations=67 (full 0):
 garbage-first heap   total 373760K, used 262129K [0x0000000080000000, 0x0000000100000000)
  region size 1024K, 57 young (58368K), 7 survivors (7168K)
 Metaspace       used 102002K, capacity 109304K, committed 109440K, reserved 1142784K
  class space    used 13789K, capacity 16436K, committed 16512K, reserved 1048576K
}
Event: 96.364 GC heap after
{Heap after GC invocations=68 (full 0):
 garbage-first heap   total 373760K, used 223232K [0x0000000080000000, 0x0000000100000000)
  region size 1024K, 8 young (8192K), 8 survivors (8192K)
 Metaspace       used 102002K, capacity 109304K, committed 109440K, reserved 1142784K
  class space    used 13789K, capacity 16436K, committed 16512K, reserved 1048576K
}
Event: 97.040 GC heap before
{Heap before GC invocations=68 (full 0):
 garbage-first heap   total 373760K, used 273408K [0x0000000080000000, 0x0000000100000000)
  region size 1024K, 57 young (58368K), 8 survivors (8192K)
 Metaspace       used 102502K, capacity 110552K, committed 110720K, reserved 1142784K
  class space    used 13884K, capacity 16743K, committed 16768K, reserved 1048576K
}

